TN:
SF:lib\check-age.ts
FN:5,Object.<anonymous>.exports.handler
FN:18,calculateMinAge
FN:29,verifyAllowedCountry
FNF:3
FNH:1
FNDA:3,Object.<anonymous>.exports.handler
FNDA:0,calculateMinAge
FNDA:0,verifyAllowedCountry
DA:1,1
DA:2,1
DA:3,1
DA:4,1
DA:5,1
DA:6,3
DA:7,3
DA:8,1
DA:9,1
DA:10,2
DA:11,1
DA:12,1
DA:13,3
DA:14,3
DA:15,3
DA:16,1
DA:17,1
DA:18,1
DA:19,0
DA:20,0
DA:21,0
DA:22,0
DA:23,0
DA:24,0
DA:25,0
DA:26,0
DA:27,0
DA:28,1
DA:29,1
DA:30,0
DA:31,0
DA:32,0
LF:32
LH:20
BRDA:5,0,0,3
BRDA:5,1,0,3
BRDA:7,2,0,1
BRDA:10,3,0,2
BRDA:10,4,0,1
BRF:5
BRH:5
end_of_record
